<?xml version="1.0" encoding="UTF-8"?>
<!-- Generated by org.testng.reporters.JUnitReportReporter -->
<testsuite name="SampleTC" tests="1" time="150.714" ignored="0" failures="0" timestamp="28 Feb 2019 18:27:38 GMT" skipped="0" hostname="INLT1313" errors="0">
  <testcase name="TC_1" time="150.714" classname="SampleTC"/>
</testsuite> <!-- SampleTC -->
