<?xml version="1.0" encoding="UTF-8"?>
<!-- Generated by org.testng.reporters.JUnitReportReporter -->
<testsuite name="Testscript.Loginpage" tests="1" time="153.753" ignored="0" failures="0" timestamp="10 Jul 2020 05:37:44 GMT" skipped="0" hostname="INLT1313" errors="0">
  <testcase name="startapplication" time="153.753" classname="Testscript.Loginpage"/>
</testsuite> <!-- Testscript.Loginpage -->
